<?xml version="1.0" encoding="UTF-8"?>
<testsuite name="jrails.HtmlTest" tests="3" skipped="0" failures="0" errors="0" timestamp="2024-11-20T05:15:04" hostname="HARRISONC" time="0.004">
  <properties/>
  <testcase name="empty" classname="jrails.HtmlTest" time="0.004"/>
  <testcase name="test0" classname="jrails.HtmlTest" time="0.0"/>
  <testcase name="test1" classname="jrails.HtmlTest" time="0.0"/>
  <system-out><![CDATA[]]></system-out>
  <system-err><![CDATA[]]></system-err>
</testsuite>
