<?xml version="1.0" encoding="UTF-8"?>
<testsuite name="jrails.ViewTest" tests="2" skipped="0" failures="0" errors="0" timestamp="2024-11-20T05:15:04" hostname="HARRISONC" time="0.001">
  <properties/>
  <testcase name="testParagraphTag" classname="jrails.ViewTest" time="0.001"/>
  <testcase name="empty" classname="jrails.ViewTest" time="0.0"/>
  <system-out><![CDATA[]]></system-out>
  <system-err><![CDATA[]]></system-err>
</testsuite>
